<?xml version="1.0" encoding="UTF-8"?>
<testsuite name="com.jojoldu.book.springboot.web.IndexControllerTest" tests="1" skipped="0" failures="0" errors="0" timestamp="2021-06-10T15:04:35" hostname="DESKTOP-I6PCH4J" time="0.237">
  <properties/>
  <testcase name="메인페이지_로딩()" classname="com.jojoldu.book.springboot.web.IndexControllerTest" time="0.237"/>
  <system-out><![CDATA[2021-06-11 00:04:33.516  INFO 11592 --- [    Test worker] .b.t.c.SpringBootTestContextBootstrapper : Neither @ContextConfiguration nor @ContextHierarchy found for test class [com.jojoldu.book.springboot.web.IndexControllerTest], using SpringBootContextLoader
2021-06-11 00:04:33.516  INFO 11592 --- [    Test worker] o.s.t.c.support.AbstractContextLoader    : Could not detect default resource locations for test class [com.jojoldu.book.springboot.web.IndexControllerTest]: no resource found for suffixes {-context.xml, Context.groovy}.
2021-06-11 00:04:33.516  INFO 11592 --- [    Test worker] t.c.s.AnnotationConfigContextLoaderUtils : Could not detect default configuration classes for test class [com.jojoldu.book.springboot.web.IndexControllerTest]: IndexControllerTest does not declare any static, non-private, non-final, nested classes annotated with @Configuration.
2021-06-11 00:04:33.532  INFO 11592 --- [    Test worker] .b.t.c.SpringBootTestContextBootstrapper : Found @SpringBootConfiguration com.jojoldu.book.springboot.Application for test class com.jojoldu.book.springboot.web.IndexControllerTest
2021-06-11 00:04:33.532  INFO 11592 --- [    Test worker] .b.t.c.SpringBootTestContextBootstrapper : Loaded default TestExecutionListener class names from location [META-INF/spring.factories]: [org.springframework.security.test.context.support.WithSecurityContextTestExecutionListener, org.springframework.security.test.context.support.ReactorContextTestExecutionListener, org.springframework.boot.test.autoconfigure.restdocs.RestDocsTestExecutionListener, org.springframework.boot.test.autoconfigure.web.client.MockRestServiceServerResetTestExecutionListener, org.springframework.boot.test.autoconfigure.web.servlet.MockMvcPrintOnlyOnFailureTestExecutionListener, org.springframework.boot.test.autoconfigure.web.servlet.WebDriverTestExecutionListener, org.springframework.boot.test.autoconfigure.webservices.client.MockWebServiceServerTestExecutionListener, org.springframework.boot.test.mock.mockito.MockitoTestExecutionListener, org.springframework.boot.test.mock.mockito.ResetMocksTestExecutionListener, org.springframework.test.context.web.ServletTestExecutionListener, org.springframework.test.context.support.DirtiesContextBeforeModesTestExecutionListener, org.springframework.test.context.support.DependencyInjectionTestExecutionListener, org.springframework.test.context.support.DirtiesContextTestExecutionListener, org.springframework.test.context.transaction.TransactionalTestExecutionListener, org.springframework.test.context.jdbc.SqlScriptsTestExecutionListener, org.springframework.test.context.event.EventPublishingTestExecutionListener]
2021-06-11 00:04:33.547  INFO 11592 --- [    Test worker] .b.t.c.SpringBootTestContextBootstrapper : Using TestExecutionListeners: [org.springframework.test.context.web.ServletTestExecutionListener@6e6c6b9, org.springframework.test.context.support.DirtiesContextBeforeModesTestExecutionListener@5bf24ba8, org.springframework.boot.test.mock.mockito.MockitoTestExecutionListener@3f19f8cc, org.springframework.boot.test.autoconfigure.SpringBootDependencyInjectionTestExecutionListener@f92809b, org.springframework.test.context.support.DirtiesContextTestExecutionListener@3ff15cde, org.springframework.test.context.transaction.TransactionalTestExecutionListener@7697ef83, org.springframework.test.context.jdbc.SqlScriptsTestExecutionListener@6b8a605, org.springframework.security.test.context.support.WithSecurityContextTestExecutionListener@1db57811, org.springframework.test.context.event.EventPublishingTestExecutionListener@2897c0d5, org.springframework.security.test.context.support.ReactorContextTestExecutionListener@61b5d9b3, org.springframework.boot.test.autoconfigure.restdocs.RestDocsTestExecutionListener@227ec30e, org.springframework.boot.test.autoconfigure.web.client.MockRestServiceServerResetTestExecutionListener@14bd52a0, org.springframework.boot.test.autoconfigure.web.servlet.MockMvcPrintOnlyOnFailureTestExecutionListener@2baa98a, org.springframework.boot.test.autoconfigure.web.servlet.WebDriverTestExecutionListener@4d8d802f, org.springframework.boot.test.autoconfigure.webservices.client.MockWebServiceServerTestExecutionListener@19bf4c23, org.springframework.boot.test.mock.mockito.ResetMocksTestExecutionListener@676925e6]

  .   ____          _            __ _ _
 /\\ / ___'_ __ _ _(_)_ __  __ _ \ \ \ \
( ( )\___ | '_ | '_| | '_ \/ _` | \ \ \ \
 \\/  ___)| |_)| | | | | || (_| |  ) ) ) )
  '  |____| .__|_| |_|_| |_\__, | / / / /
 =========|_|==============|___/=/_/_/_/
 :: Spring Boot ::                (v2.4.1)

2021-06-11 00:04:33.578  INFO 11592 --- [    Test worker] c.j.b.s.web.IndexControllerTest          : Starting IndexControllerTest using Java 11.0.10 on DESKTOP-I6PCH4J with PID 11592 (started by jeanf in C:\Users\jeanf\IdeaProjects\freelec-springboot2-wevservice)
2021-06-11 00:04:33.578  INFO 11592 --- [    Test worker] c.j.b.s.web.IndexControllerTest          : No active profile set, falling back to default profiles: default
2021-06-11 00:04:33.814  INFO 11592 --- [    Test worker] .s.d.r.c.RepositoryConfigurationDelegate : Bootstrapping Spring Data JPA repositories in DEFAULT mode.
2021-06-11 00:04:33.830  INFO 11592 --- [    Test worker] .s.d.r.c.RepositoryConfigurationDelegate : Finished Spring Data repository scanning in 20 ms. Found 2 JPA repository interfaces.
2021-06-11 00:04:34.161  INFO 11592 --- [    Test worker] o.s.b.w.embedded.tomcat.TomcatWebServer  : Tomcat initialized with port(s): 0 (http)
2021-06-11 00:04:34.176  INFO 11592 --- [    Test worker] o.apache.catalina.core.StandardService   : Starting service [Tomcat]
2021-06-11 00:04:34.176  INFO 11592 --- [    Test worker] org.apache.catalina.core.StandardEngine  : Starting Servlet engine: [Apache Tomcat/9.0.41]
2021-06-11 00:04:34.348  INFO 11592 --- [    Test worker] o.a.c.c.C.[Tomcat].[localhost].[/]       : Initializing Spring embedded WebApplicationContext
2021-06-11 00:04:34.348  INFO 11592 --- [    Test worker] w.s.c.ServletWebServerApplicationContext : Root WebApplicationContext: initialization completed in 754 ms
2021-06-11 00:04:34.395  INFO 11592 --- [    Test worker] com.zaxxer.hikari.HikariDataSource       : HikariPool-2 - Starting...
2021-06-11 00:04:34.395  INFO 11592 --- [    Test worker] com.zaxxer.hikari.HikariDataSource       : HikariPool-2 - Start completed.
2021-06-11 00:04:34.395  INFO 11592 --- [    Test worker] o.s.b.a.h2.H2ConsoleAutoConfiguration    : H2 console available at '/h2-console'. Database available at 'jdbc:h2:mem:testdb'
2021-06-11 00:04:34.521  INFO 11592 --- [    Test worker] o.hibernate.jpa.internal.util.LogHelper  : HHH000204: Processing PersistenceUnitInfo [name: default]
2021-06-11 00:04:34.537  INFO 11592 --- [    Test worker] org.hibernate.dialect.Dialect            : HHH000400: Using dialect: org.hibernate.dialect.MySQL57Dialect
2021-06-11 00:04:34.597  INFO 11592 --- [    Test worker] o.h.e.t.j.p.i.JtaPlatformInitiator       : HHH000490: Using JtaPlatform implementation: [org.hibernate.engine.transaction.jta.platform.internal.NoJtaPlatform]
2021-06-11 00:04:34.597  INFO 11592 --- [    Test worker] j.LocalContainerEntityManagerFactoryBean : Initialized JPA EntityManagerFactory for persistence unit 'default'
2021-06-11 00:04:34.864  WARN 11592 --- [    Test worker] JpaBaseConfiguration$JpaWebConfiguration : spring.jpa.open-in-view is enabled by default. Therefore, database queries may be performed during view rendering. Explicitly configure spring.jpa.open-in-view to disable this warning
2021-06-11 00:04:35.099  INFO 11592 --- [    Test worker] o.s.s.web.DefaultSecurityFilterChain     : Will secure any request with [org.springframework.security.web.context.request.async.WebAsyncManagerIntegrationFilter@24e0a106, org.springframework.security.web.context.SecurityContextPersistenceFilter@59cd4ed, org.springframework.security.web.header.HeaderWriterFilter@33b84e03, org.springframework.security.web.authentication.logout.LogoutFilter@2bbba6cd, org.springframework.security.oauth2.client.web.OAuth2AuthorizationRequestRedirectFilter@342dda26, org.springframework.security.oauth2.client.web.OAuth2LoginAuthenticationFilter@29b97d7c, org.springframework.security.web.authentication.ui.DefaultLoginPageGeneratingFilter@1deb187d, org.springframework.security.web.authentication.ui.DefaultLogoutPageGeneratingFilter@37e5fa9a, org.springframework.security.web.savedrequest.RequestCacheAwareFilter@229ee862, org.springframework.security.web.servletapi.SecurityContextHolderAwareRequestFilter@53276264, org.springframework.security.web.authentication.AnonymousAuthenticationFilter@6dc3faaa, org.springframework.security.web.session.SessionManagementFilter@5ad29a1f, org.springframework.security.web.access.ExceptionTranslationFilter@6228b1a5, org.springframework.security.web.access.intercept.FilterSecurityInterceptor@579881c9]
2021-06-11 00:04:35.230  INFO 11592 --- [    Test worker] o.s.s.concurrent.ThreadPoolTaskExecutor  : Initializing ExecutorService 'applicationTaskExecutor'
2021-06-11 00:04:35.276  INFO 11592 --- [    Test worker] o.s.b.a.w.s.WelcomePageHandlerMapping    : Adding welcome page template: index
2021-06-11 00:04:35.560  INFO 11592 --- [    Test worker] o.s.b.w.embedded.tomcat.TomcatWebServer  : Tomcat started on port(s): 61250 (http) with context path ''
2021-06-11 00:04:35.560  INFO 11592 --- [    Test worker] s.a.ScheduledAnnotationBeanPostProcessor : No TaskScheduler/ScheduledExecutorService bean found for scheduled processing
2021-06-11 00:04:35.560  INFO 11592 --- [    Test worker] c.j.b.s.web.IndexControllerTest          : Started IndexControllerTest in 2.014 seconds (JVM running for 12.005)
2021-06-11 00:04:35.685  INFO 11592 --- [o-auto-1-exec-1] o.a.c.c.C.[Tomcat].[localhost].[/]       : Initializing Spring DispatcherServlet 'dispatcherServlet'
2021-06-11 00:04:35.685  INFO 11592 --- [o-auto-1-exec-1] o.s.web.servlet.DispatcherServlet        : Initializing Servlet 'dispatcherServlet'
2021-06-11 00:04:35.701  INFO 11592 --- [o-auto-1-exec-1] o.s.web.servlet.DispatcherServlet        : Completed initialization in 16 ms
]]></system-out>
  <system-err><![CDATA[]]></system-err>
</testsuite>
