<?xml version="1.0" encoding="UTF-8"?>
<testsuite name="com.jojoldu.book.springboot.web.HelloControllerTest" tests="2" skipped="0" failures="0" errors="0" timestamp="2021-06-10T15:04:33" hostname="DESKTOP-I6PCH4J" time="0.165">
  <properties/>
  <testcase name="hello가_리턴된다()" classname="com.jojoldu.book.springboot.web.HelloControllerTest" time="0.074"/>
  <testcase name="helloDto가_리턴된다()" classname="com.jojoldu.book.springboot.web.HelloControllerTest" time="0.09"/>
  <system-out><![CDATA[2021-06-11 00:04:32.531  INFO 11592 --- [    Test worker] .b.t.a.w.s.WebMvcTestContextBootstrapper : Neither @ContextConfiguration nor @ContextHierarchy found for test class [com.jojoldu.book.springboot.web.HelloControllerTest], using SpringBootContextLoader
2021-06-11 00:04:32.531  INFO 11592 --- [    Test worker] o.s.t.c.support.AbstractContextLoader    : Could not detect default resource locations for test class [com.jojoldu.book.springboot.web.HelloControllerTest]: no resource found for suffixes {-context.xml, Context.groovy}.
2021-06-11 00:04:32.531  INFO 11592 --- [    Test worker] t.c.s.AnnotationConfigContextLoaderUtils : Could not detect default configuration classes for test class [com.jojoldu.book.springboot.web.HelloControllerTest]: HelloControllerTest does not declare any static, non-private, non-final, nested classes annotated with @Configuration.
2021-06-11 00:04:32.546  INFO 11592 --- [    Test worker] .b.t.c.SpringBootTestContextBootstrapper : Found @SpringBootConfiguration com.jojoldu.book.springboot.Application for test class com.jojoldu.book.springboot.web.HelloControllerTest
2021-06-11 00:04:32.546  INFO 11592 --- [    Test worker] .b.t.a.w.s.WebMvcTestContextBootstrapper : Loaded default TestExecutionListener class names from location [META-INF/spring.factories]: [org.springframework.security.test.context.support.WithSecurityContextTestExecutionListener, org.springframework.security.test.context.support.ReactorContextTestExecutionListener, org.springframework.boot.test.autoconfigure.restdocs.RestDocsTestExecutionListener, org.springframework.boot.test.autoconfigure.web.client.MockRestServiceServerResetTestExecutionListener, org.springframework.boot.test.autoconfigure.web.servlet.MockMvcPrintOnlyOnFailureTestExecutionListener, org.springframework.boot.test.autoconfigure.web.servlet.WebDriverTestExecutionListener, org.springframework.boot.test.autoconfigure.webservices.client.MockWebServiceServerTestExecutionListener, org.springframework.boot.test.mock.mockito.MockitoTestExecutionListener, org.springframework.boot.test.mock.mockito.ResetMocksTestExecutionListener, org.springframework.test.context.web.ServletTestExecutionListener, org.springframework.test.context.support.DirtiesContextBeforeModesTestExecutionListener, org.springframework.test.context.support.DependencyInjectionTestExecutionListener, org.springframework.test.context.support.DirtiesContextTestExecutionListener, org.springframework.test.context.transaction.TransactionalTestExecutionListener, org.springframework.test.context.jdbc.SqlScriptsTestExecutionListener, org.springframework.test.context.event.EventPublishingTestExecutionListener]
2021-06-11 00:04:32.562  INFO 11592 --- [    Test worker] .b.t.a.w.s.WebMvcTestContextBootstrapper : Using TestExecutionListeners: [org.springframework.test.context.web.ServletTestExecutionListener@6816e947, org.springframework.test.context.support.DirtiesContextBeforeModesTestExecutionListener@547e147f, org.springframework.boot.test.mock.mockito.MockitoTestExecutionListener@4799142, org.springframework.boot.test.autoconfigure.SpringBootDependencyInjectionTestExecutionListener@3cf2975c, org.springframework.test.context.support.DirtiesContextTestExecutionListener@63711d54, org.springframework.test.context.transaction.TransactionalTestExecutionListener@478830a9, org.springframework.test.context.jdbc.SqlScriptsTestExecutionListener@fb35a9b, org.springframework.security.test.context.support.WithSecurityContextTestExecutionListener@27536446, org.springframework.test.context.event.EventPublishingTestExecutionListener@4ca35645, org.springframework.security.test.context.support.ReactorContextTestExecutionListener@4a283a00, org.springframework.boot.test.autoconfigure.restdocs.RestDocsTestExecutionListener@5fdad65c, org.springframework.boot.test.autoconfigure.web.client.MockRestServiceServerResetTestExecutionListener@6397e8b5, org.springframework.boot.test.autoconfigure.web.servlet.MockMvcPrintOnlyOnFailureTestExecutionListener@35509bfc, org.springframework.boot.test.autoconfigure.web.servlet.WebDriverTestExecutionListener@3ea35f6c, org.springframework.boot.test.autoconfigure.webservices.client.MockWebServiceServerTestExecutionListener@37c206d2, org.springframework.boot.test.mock.mockito.ResetMocksTestExecutionListener@6b4c92df]

  .   ____          _            __ _ _
 /\\ / ___'_ __ _ _(_)_ __  __ _ \ \ \ \
( ( )\___ | '_ | '_| | '_ \/ _` | \ \ \ \
 \\/  ___)| |_)| | | | | || (_| |  ) ) ) )
  '  |____| .__|_| |_|_| |_\__, | / / / /
 =========|_|==============|___/=/_/_/_/
 :: Spring Boot ::                (v2.4.1)

2021-06-11 00:04:32.577  INFO 11592 --- [    Test worker] c.j.b.s.web.HelloControllerTest          : Starting HelloControllerTest using Java 11.0.10 on DESKTOP-I6PCH4J with PID 11592 (started by jeanf in C:\Users\jeanf\IdeaProjects\freelec-springboot2-wevservice)
2021-06-11 00:04:32.577  INFO 11592 --- [    Test worker] c.j.b.s.web.HelloControllerTest          : No active profile set, falling back to default profiles: default
2021-06-11 00:04:32.954  INFO 11592 --- [    Test worker] o.s.s.concurrent.ThreadPoolTaskExecutor  : Initializing ExecutorService 'applicationTaskExecutor'
2021-06-11 00:04:32.985  INFO 11592 --- [    Test worker] o.s.b.a.w.s.WelcomePageHandlerMapping    : Adding welcome page template: index
2021-06-11 00:04:33.251  INFO 11592 --- [    Test worker] o.s.s.web.DefaultSecurityFilterChain     : Will secure any request with [org.springframework.security.web.context.request.async.WebAsyncManagerIntegrationFilter@3d3c8259, org.springframework.security.web.context.SecurityContextPersistenceFilter@6668b8f1, org.springframework.security.web.header.HeaderWriterFilter@483e5a45, org.springframework.security.web.csrf.CsrfFilter@7e7f8631, org.springframework.security.web.authentication.logout.LogoutFilter@478663a6, org.springframework.security.oauth2.client.web.OAuth2AuthorizationRequestRedirectFilter@20706f7c, org.springframework.security.oauth2.client.web.OAuth2AuthorizationRequestRedirectFilter@2aa87817, org.springframework.security.oauth2.client.web.OAuth2LoginAuthenticationFilter@30153557, org.springframework.security.web.authentication.ui.DefaultLoginPageGeneratingFilter@3049f7c9, org.springframework.security.web.authentication.ui.DefaultLogoutPageGeneratingFilter@39872da0, org.springframework.security.web.savedrequest.RequestCacheAwareFilter@3cd97c3b, org.springframework.security.web.servletapi.SecurityContextHolderAwareRequestFilter@68fe597, org.springframework.security.web.authentication.AnonymousAuthenticationFilter@150abb7b, org.springframework.security.oauth2.client.web.OAuth2AuthorizationCodeGrantFilter@5e62d660, org.springframework.security.web.session.SessionManagementFilter@69f172c2, org.springframework.security.web.access.ExceptionTranslationFilter@4af20324, org.springframework.security.web.access.intercept.FilterSecurityInterceptor@714ad510]
2021-06-11 00:04:33.328  INFO 11592 --- [    Test worker] o.s.b.t.m.w.SpringBootMockServletContext : Initializing Spring TestDispatcherServlet ''
2021-06-11 00:04:33.328  INFO 11592 --- [    Test worker] o.s.t.web.servlet.TestDispatcherServlet  : Initializing Servlet ''
2021-06-11 00:04:33.328  INFO 11592 --- [    Test worker] o.s.t.web.servlet.TestDispatcherServlet  : Completed initialization in 0 ms
2021-06-11 00:04:33.344  INFO 11592 --- [    Test worker] c.j.b.s.web.HelloControllerTest          : Started HelloControllerTest in 0.787 seconds (JVM running for 9.784)
]]></system-out>
  <system-err><![CDATA[]]></system-err>
</testsuite>
