<?xml version="1.0" encoding="UTF-8"?>
<testsuite name="com.jojoldu.book.springboot.web.HelloControllerTest" tests="2" skipped="0" failures="0" errors="0" timestamp="2021-06-27T17:16:35" hostname="DESKTOP-3EI5VEG" time="0.118">
  <properties/>
  <testcase name="hello가_리턴된다()" classname="com.jojoldu.book.springboot.web.HelloControllerTest" time="0.055"/>
  <testcase name="helloDto가_리턴된다()" classname="com.jojoldu.book.springboot.web.HelloControllerTest" time="0.062"/>
  <system-out><![CDATA[2021-06-28 02:16:34.932  INFO 26880 --- [    Test worker] .b.t.a.w.s.WebMvcTestContextBootstrapper : Neither @ContextConfiguration nor @ContextHierarchy found for test class [com.jojoldu.book.springboot.web.HelloControllerTest], using SpringBootContextLoader
2021-06-28 02:16:34.933  INFO 26880 --- [    Test worker] o.s.t.c.support.AbstractContextLoader    : Could not detect default resource locations for test class [com.jojoldu.book.springboot.web.HelloControllerTest]: no resource found for suffixes {-context.xml, Context.groovy}.
2021-06-28 02:16:34.933  INFO 26880 --- [    Test worker] t.c.s.AnnotationConfigContextLoaderUtils : Could not detect default configuration classes for test class [com.jojoldu.book.springboot.web.HelloControllerTest]: HelloControllerTest does not declare any static, non-private, non-final, nested classes annotated with @Configuration.
2021-06-28 02:16:34.953  INFO 26880 --- [    Test worker] .b.t.c.SpringBootTestContextBootstrapper : Found @SpringBootConfiguration com.jojoldu.book.springboot.Application for test class com.jojoldu.book.springboot.web.HelloControllerTest
2021-06-28 02:16:34.954  INFO 26880 --- [    Test worker] .b.t.a.w.s.WebMvcTestContextBootstrapper : Loaded default TestExecutionListener class names from location [META-INF/spring.factories]: [org.springframework.security.test.context.support.WithSecurityContextTestExecutionListener, org.springframework.security.test.context.support.ReactorContextTestExecutionListener, org.springframework.boot.test.autoconfigure.restdocs.RestDocsTestExecutionListener, org.springframework.boot.test.autoconfigure.web.client.MockRestServiceServerResetTestExecutionListener, org.springframework.boot.test.autoconfigure.web.servlet.MockMvcPrintOnlyOnFailureTestExecutionListener, org.springframework.boot.test.autoconfigure.web.servlet.WebDriverTestExecutionListener, org.springframework.boot.test.autoconfigure.webservices.client.MockWebServiceServerTestExecutionListener, org.springframework.boot.test.mock.mockito.MockitoTestExecutionListener, org.springframework.boot.test.mock.mockito.ResetMocksTestExecutionListener, org.springframework.test.context.web.ServletTestExecutionListener, org.springframework.test.context.support.DirtiesContextBeforeModesTestExecutionListener, org.springframework.test.context.support.DependencyInjectionTestExecutionListener, org.springframework.test.context.support.DirtiesContextTestExecutionListener, org.springframework.test.context.transaction.TransactionalTestExecutionListener, org.springframework.test.context.jdbc.SqlScriptsTestExecutionListener, org.springframework.test.context.event.EventPublishingTestExecutionListener]
2021-06-28 02:16:34.954  INFO 26880 --- [    Test worker] .b.t.a.w.s.WebMvcTestContextBootstrapper : Using TestExecutionListeners: [org.springframework.test.context.web.ServletTestExecutionListener@17ca8436, org.springframework.test.context.support.DirtiesContextBeforeModesTestExecutionListener@6dbfcfb, org.springframework.boot.test.mock.mockito.MockitoTestExecutionListener@db764b, org.springframework.boot.test.autoconfigure.SpringBootDependencyInjectionTestExecutionListener@3f20e162, org.springframework.test.context.support.DirtiesContextTestExecutionListener@7c883984, org.springframework.test.context.transaction.TransactionalTestExecutionListener@256d2eca, org.springframework.test.context.jdbc.SqlScriptsTestExecutionListener@7e5f7d02, org.springframework.security.test.context.support.WithSecurityContextTestExecutionListener@464cb85a, org.springframework.test.context.event.EventPublishingTestExecutionListener@7b35fd0e, org.springframework.security.test.context.support.ReactorContextTestExecutionListener@37e287dc, org.springframework.boot.test.autoconfigure.restdocs.RestDocsTestExecutionListener@32505b4f, org.springframework.boot.test.autoconfigure.web.client.MockRestServiceServerResetTestExecutionListener@117dbb37, org.springframework.boot.test.autoconfigure.web.servlet.MockMvcPrintOnlyOnFailureTestExecutionListener@45f4f99b, org.springframework.boot.test.autoconfigure.web.servlet.WebDriverTestExecutionListener@660b5a9e, org.springframework.boot.test.autoconfigure.webservices.client.MockWebServiceServerTestExecutionListener@5631ef33, org.springframework.boot.test.mock.mockito.ResetMocksTestExecutionListener@2ae942c1]

  .   ____          _            __ _ _
 /\\ / ___'_ __ _ _(_)_ __  __ _ \ \ \ \
( ( )\___ | '_ | '_| | '_ \/ _` | \ \ \ \
 \\/  ___)| |_)| | | | | || (_| |  ) ) ) )
  '  |____| .__|_| |_|_| |_\__, | / / / /
 =========|_|==============|___/=/_/_/_/
 :: Spring Boot ::                (v2.4.1)

2021-06-28 02:16:34.970  INFO 26880 --- [    Test worker] c.j.b.s.web.HelloControllerTest          : Starting HelloControllerTest using Java 11.0.10 on DESKTOP-3EI5VEG with PID 26880 (started by jeanf in D:\freelec-springboot2-wevservice)
2021-06-28 02:16:34.970  INFO 26880 --- [    Test worker] c.j.b.s.web.HelloControllerTest          : No active profile set, falling back to default profiles: default
2021-06-28 02:16:35.217  INFO 26880 --- [    Test worker] o.s.s.concurrent.ThreadPoolTaskExecutor  : Initializing ExecutorService 'applicationTaskExecutor'
2021-06-28 02:16:35.238  INFO 26880 --- [    Test worker] o.s.b.a.w.s.WelcomePageHandlerMapping    : Adding welcome page template: index
2021-06-28 02:16:35.420  INFO 26880 --- [    Test worker] o.s.s.web.DefaultSecurityFilterChain     : Will secure any request with [org.springframework.security.web.context.request.async.WebAsyncManagerIntegrationFilter@411782c9, org.springframework.security.web.context.SecurityContextPersistenceFilter@764c2514, org.springframework.security.web.header.HeaderWriterFilter@788641d8, org.springframework.security.web.csrf.CsrfFilter@59549f63, org.springframework.security.web.authentication.logout.LogoutFilter@7d064925, org.springframework.security.oauth2.client.web.OAuth2AuthorizationRequestRedirectFilter@2fbce6eb, org.springframework.security.oauth2.client.web.OAuth2AuthorizationRequestRedirectFilter@61e07b29, org.springframework.security.oauth2.client.web.OAuth2LoginAuthenticationFilter@7c7f99f, org.springframework.security.web.authentication.ui.DefaultLoginPageGeneratingFilter@3ae70a7d, org.springframework.security.web.authentication.ui.DefaultLogoutPageGeneratingFilter@747ecec9, org.springframework.security.web.savedrequest.RequestCacheAwareFilter@50f2fa92, org.springframework.security.web.servletapi.SecurityContextHolderAwareRequestFilter@1a30f9d5, org.springframework.security.web.authentication.AnonymousAuthenticationFilter@61afe164, org.springframework.security.oauth2.client.web.OAuth2AuthorizationCodeGrantFilter@25714f38, org.springframework.security.web.session.SessionManagementFilter@5b256203, org.springframework.security.web.access.ExceptionTranslationFilter@5546996, org.springframework.security.web.access.intercept.FilterSecurityInterceptor@2daf7861]
2021-06-28 02:16:35.475  INFO 26880 --- [    Test worker] o.s.b.t.m.w.SpringBootMockServletContext : Initializing Spring TestDispatcherServlet ''
2021-06-28 02:16:35.476  INFO 26880 --- [    Test worker] o.s.t.web.servlet.TestDispatcherServlet  : Initializing Servlet ''
2021-06-28 02:16:35.476  INFO 26880 --- [    Test worker] o.s.t.web.servlet.TestDispatcherServlet  : Completed initialization in 0 ms
2021-06-28 02:16:35.486  INFO 26880 --- [    Test worker] c.j.b.s.web.HelloControllerTest          : Started HelloControllerTest in 0.529 seconds (JVM running for 6.909)
]]></system-out>
  <system-err><![CDATA[]]></system-err>
</testsuite>
