<?xml version="1.0" encoding="UTF-8"?>
<testsuite name="com.jojoldu.book.springboot.web.IndexControllerTest" tests="1" skipped="0" failures="0" errors="0" timestamp="2021-06-08T11:37:28" hostname="DESKTOP-I6PCH4J" time="0.165">
  <properties/>
  <testcase name="메인페이지_로딩()" classname="com.jojoldu.book.springboot.web.IndexControllerTest" time="0.165"/>
  <system-out><![CDATA[2021-06-08 20:37:26.777  INFO 5368 --- [    Test worker] .b.t.c.SpringBootTestContextBootstrapper : Neither @ContextConfiguration nor @ContextHierarchy found for test class [com.jojoldu.book.springboot.web.IndexControllerTest], using SpringBootContextLoader
2021-06-08 20:37:26.777  INFO 5368 --- [    Test worker] o.s.t.c.support.AbstractContextLoader    : Could not detect default resource locations for test class [com.jojoldu.book.springboot.web.IndexControllerTest]: no resource found for suffixes {-context.xml, Context.groovy}.
2021-06-08 20:37:26.777  INFO 5368 --- [    Test worker] t.c.s.AnnotationConfigContextLoaderUtils : Could not detect default configuration classes for test class [com.jojoldu.book.springboot.web.IndexControllerTest]: IndexControllerTest does not declare any static, non-private, non-final, nested classes annotated with @Configuration.
2021-06-08 20:37:26.777  INFO 5368 --- [    Test worker] .b.t.c.SpringBootTestContextBootstrapper : Found @SpringBootConfiguration com.jojoldu.book.springboot.Application for test class com.jojoldu.book.springboot.web.IndexControllerTest
2021-06-08 20:37:26.785  INFO 5368 --- [    Test worker] .b.t.c.SpringBootTestContextBootstrapper : Loaded default TestExecutionListener class names from location [META-INF/spring.factories]: [org.springframework.security.test.context.support.WithSecurityContextTestExecutionListener, org.springframework.security.test.context.support.ReactorContextTestExecutionListener, org.springframework.boot.test.autoconfigure.restdocs.RestDocsTestExecutionListener, org.springframework.boot.test.autoconfigure.web.client.MockRestServiceServerResetTestExecutionListener, org.springframework.boot.test.autoconfigure.web.servlet.MockMvcPrintOnlyOnFailureTestExecutionListener, org.springframework.boot.test.autoconfigure.web.servlet.WebDriverTestExecutionListener, org.springframework.boot.test.autoconfigure.webservices.client.MockWebServiceServerTestExecutionListener, org.springframework.boot.test.mock.mockito.MockitoTestExecutionListener, org.springframework.boot.test.mock.mockito.ResetMocksTestExecutionListener, org.springframework.test.context.web.ServletTestExecutionListener, org.springframework.test.context.support.DirtiesContextBeforeModesTestExecutionListener, org.springframework.test.context.support.DependencyInjectionTestExecutionListener, org.springframework.test.context.support.DirtiesContextTestExecutionListener, org.springframework.test.context.transaction.TransactionalTestExecutionListener, org.springframework.test.context.jdbc.SqlScriptsTestExecutionListener, org.springframework.test.context.event.EventPublishingTestExecutionListener]
2021-06-08 20:37:26.785  INFO 5368 --- [    Test worker] .b.t.c.SpringBootTestContextBootstrapper : Using TestExecutionListeners: [org.springframework.test.context.web.ServletTestExecutionListener@3cbb64b2, org.springframework.test.context.support.DirtiesContextBeforeModesTestExecutionListener@5c66ac7c, org.springframework.boot.test.mock.mockito.MockitoTestExecutionListener@3564d28b, org.springframework.boot.test.autoconfigure.SpringBootDependencyInjectionTestExecutionListener@6e4452de, org.springframework.test.context.support.DirtiesContextTestExecutionListener@9bd2550, org.springframework.test.context.transaction.TransactionalTestExecutionListener@60d17d57, org.springframework.test.context.jdbc.SqlScriptsTestExecutionListener@73b21b4c, org.springframework.security.test.context.support.WithSecurityContextTestExecutionListener@3fac6546, org.springframework.test.context.event.EventPublishingTestExecutionListener@5f5b4046, org.springframework.security.test.context.support.ReactorContextTestExecutionListener@340ba53f, org.springframework.boot.test.autoconfigure.restdocs.RestDocsTestExecutionListener@5780a089, org.springframework.boot.test.autoconfigure.web.client.MockRestServiceServerResetTestExecutionListener@bda796a, org.springframework.boot.test.autoconfigure.web.servlet.MockMvcPrintOnlyOnFailureTestExecutionListener@e864127, org.springframework.boot.test.autoconfigure.web.servlet.WebDriverTestExecutionListener@674d2f95, org.springframework.boot.test.autoconfigure.webservices.client.MockWebServiceServerTestExecutionListener@359b4f1d, org.springframework.boot.test.mock.mockito.ResetMocksTestExecutionListener@6dd271ed]

  .   ____          _            __ _ _
 /\\ / ___'_ __ _ _(_)_ __  __ _ \ \ \ \
( ( )\___ | '_ | '_| | '_ \/ _` | \ \ \ \
 \\/  ___)| |_)| | | | | || (_| |  ) ) ) )
  '  |____| .__|_| |_|_| |_\__, | / / / /
 =========|_|==============|___/=/_/_/_/
 :: Spring Boot ::                (v2.4.1)

2021-06-08 20:37:26.809  INFO 5368 --- [    Test worker] c.j.b.s.web.IndexControllerTest          : Starting IndexControllerTest using Java 11.0.10 on DESKTOP-I6PCH4J with PID 5368 (started by jeanf in C:\Users\jeanf\IdeaProjects\freelec-springboot2-wevservice)
2021-06-08 20:37:26.809  INFO 5368 --- [    Test worker] c.j.b.s.web.IndexControllerTest          : No active profile set, falling back to default profiles: default
2021-06-08 20:37:27.009  INFO 5368 --- [    Test worker] .s.d.r.c.RepositoryConfigurationDelegate : Bootstrapping Spring Data JPA repositories in DEFAULT mode.
2021-06-08 20:37:27.033  INFO 5368 --- [    Test worker] .s.d.r.c.RepositoryConfigurationDelegate : Finished Spring Data repository scanning in 18 ms. Found 2 JPA repository interfaces.
2021-06-08 20:37:27.337  INFO 5368 --- [    Test worker] o.s.b.w.embedded.tomcat.TomcatWebServer  : Tomcat initialized with port(s): 0 (http)
2021-06-08 20:37:27.353  INFO 5368 --- [    Test worker] o.apache.catalina.core.StandardService   : Starting service [Tomcat]
2021-06-08 20:37:27.353  INFO 5368 --- [    Test worker] org.apache.catalina.core.StandardEngine  : Starting Servlet engine: [Apache Tomcat/9.0.41]
2021-06-08 20:37:27.487  INFO 5368 --- [    Test worker] o.a.c.c.C.[Tomcat].[localhost].[/]       : Initializing Spring embedded WebApplicationContext
2021-06-08 20:37:27.487  INFO 5368 --- [    Test worker] w.s.c.ServletWebServerApplicationContext : Root WebApplicationContext: initialization completed in 678 ms
2021-06-08 20:37:27.527  INFO 5368 --- [    Test worker] com.zaxxer.hikari.HikariDataSource       : HikariPool-2 - Starting...
2021-06-08 20:37:27.527  INFO 5368 --- [    Test worker] com.zaxxer.hikari.HikariDataSource       : HikariPool-2 - Start completed.
2021-06-08 20:37:27.527  INFO 5368 --- [    Test worker] o.s.b.a.h2.H2ConsoleAutoConfiguration    : H2 console available at '/h2-console'. Database available at 'jdbc:h2:mem:testdb'
2021-06-08 20:37:27.648  INFO 5368 --- [    Test worker] o.hibernate.jpa.internal.util.LogHelper  : HHH000204: Processing PersistenceUnitInfo [name: default]
2021-06-08 20:37:27.656  INFO 5368 --- [    Test worker] org.hibernate.dialect.Dialect            : HHH000400: Using dialect: org.hibernate.dialect.MySQL57Dialect
2021-06-08 20:37:27.704  INFO 5368 --- [    Test worker] o.h.e.t.j.p.i.JtaPlatformInitiator       : HHH000490: Using JtaPlatform implementation: [org.hibernate.engine.transaction.jta.platform.internal.NoJtaPlatform]
2021-06-08 20:37:27.704  INFO 5368 --- [    Test worker] j.LocalContainerEntityManagerFactoryBean : Initialized JPA EntityManagerFactory for persistence unit 'default'
2021-06-08 20:37:27.928  WARN 5368 --- [    Test worker] JpaBaseConfiguration$JpaWebConfiguration : spring.jpa.open-in-view is enabled by default. Therefore, database queries may be performed during view rendering. Explicitly configure spring.jpa.open-in-view to disable this warning
2021-06-08 20:37:28.088  INFO 5368 --- [    Test worker] o.s.s.web.DefaultSecurityFilterChain     : Will secure any request with [org.springframework.security.web.context.request.async.WebAsyncManagerIntegrationFilter@4873bf3c, org.springframework.security.web.context.SecurityContextPersistenceFilter@24f2cd79, org.springframework.security.web.header.HeaderWriterFilter@14e4a878, org.springframework.security.web.authentication.logout.LogoutFilter@57d60da, org.springframework.security.oauth2.client.web.OAuth2AuthorizationRequestRedirectFilter@31bf40a4, org.springframework.security.oauth2.client.web.OAuth2LoginAuthenticationFilter@12e3435, org.springframework.security.web.authentication.ui.DefaultLoginPageGeneratingFilter@4e122942, org.springframework.security.web.authentication.ui.DefaultLogoutPageGeneratingFilter@266adf53, org.springframework.security.web.savedrequest.RequestCacheAwareFilter@250b96df, org.springframework.security.web.servletapi.SecurityContextHolderAwareRequestFilter@149d5d6e, org.springframework.security.web.authentication.AnonymousAuthenticationFilter@6d1b015a, org.springframework.security.web.session.SessionManagementFilter@30cd431c, org.springframework.security.web.access.ExceptionTranslationFilter@3004f0f, org.springframework.security.web.access.intercept.FilterSecurityInterceptor@6940f6ef]
2021-06-08 20:37:28.184  INFO 5368 --- [    Test worker] o.s.s.concurrent.ThreadPoolTaskExecutor  : Initializing ExecutorService 'applicationTaskExecutor'
2021-06-08 20:37:28.216  INFO 5368 --- [    Test worker] o.s.b.a.w.s.WelcomePageHandlerMapping    : Adding welcome page template: index
2021-06-08 20:37:28.424  INFO 5368 --- [    Test worker] o.s.b.w.embedded.tomcat.TomcatWebServer  : Tomcat started on port(s): 58570 (http) with context path ''
2021-06-08 20:37:28.424  INFO 5368 --- [    Test worker] s.a.ScheduledAnnotationBeanPostProcessor : No TaskScheduler/ScheduledExecutorService bean found for scheduled processing
2021-06-08 20:37:28.424  INFO 5368 --- [    Test worker] c.j.b.s.web.IndexControllerTest          : Started IndexControllerTest in 1.639 seconds (JVM running for 9.815)
2021-06-08 20:37:28.520  INFO 5368 --- [o-auto-1-exec-1] o.a.c.c.C.[Tomcat].[localhost].[/]       : Initializing Spring DispatcherServlet 'dispatcherServlet'
2021-06-08 20:37:28.520  INFO 5368 --- [o-auto-1-exec-1] o.s.web.servlet.DispatcherServlet        : Initializing Servlet 'dispatcherServlet'
2021-06-08 20:37:28.520  INFO 5368 --- [o-auto-1-exec-1] o.s.web.servlet.DispatcherServlet        : Completed initialization in 0 ms
]]></system-out>
  <system-err><![CDATA[]]></system-err>
</testsuite>
