<?xml version="1.0" encoding="UTF-8"?>
<testsuite name="com.jojoldu.book.springboot.web.ProfileControllerTest" tests="1" skipped="0" failures="0" errors="0" timestamp="2021-06-27T17:34:00" hostname="DESKTOP-3EI5VEG" time="0.011">
  <properties/>
  <testcase name="profile은_인증없이_호출된다()" classname="com.jojoldu.book.springboot.web.ProfileControllerTest" time="0.011"/>
  <system-out><![CDATA[2021-06-28 02:34:00.195  INFO 28284 --- [    Test worker] .b.t.c.SpringBootTestContextBootstrapper : Neither @ContextConfiguration nor @ContextHierarchy found for test class [com.jojoldu.book.springboot.web.ProfileControllerTest], using SpringBootContextLoader
2021-06-28 02:34:00.196  INFO 28284 --- [    Test worker] o.s.t.c.support.AbstractContextLoader    : Could not detect default resource locations for test class [com.jojoldu.book.springboot.web.ProfileControllerTest]: no resource found for suffixes {-context.xml, Context.groovy}.
2021-06-28 02:34:00.196  INFO 28284 --- [    Test worker] t.c.s.AnnotationConfigContextLoaderUtils : Could not detect default configuration classes for test class [com.jojoldu.book.springboot.web.ProfileControllerTest]: ProfileControllerTest does not declare any static, non-private, non-final, nested classes annotated with @Configuration.
2021-06-28 02:34:00.197  INFO 28284 --- [    Test worker] .b.t.c.SpringBootTestContextBootstrapper : Found @SpringBootConfiguration com.jojoldu.book.springboot.Application for test class com.jojoldu.book.springboot.web.ProfileControllerTest
2021-06-28 02:34:00.198  INFO 28284 --- [    Test worker] .b.t.c.SpringBootTestContextBootstrapper : Loaded default TestExecutionListener class names from location [META-INF/spring.factories]: [org.springframework.security.test.context.support.WithSecurityContextTestExecutionListener, org.springframework.security.test.context.support.ReactorContextTestExecutionListener, org.springframework.boot.test.autoconfigure.restdocs.RestDocsTestExecutionListener, org.springframework.boot.test.autoconfigure.web.client.MockRestServiceServerResetTestExecutionListener, org.springframework.boot.test.autoconfigure.web.servlet.MockMvcPrintOnlyOnFailureTestExecutionListener, org.springframework.boot.test.autoconfigure.web.servlet.WebDriverTestExecutionListener, org.springframework.boot.test.autoconfigure.webservices.client.MockWebServiceServerTestExecutionListener, org.springframework.boot.test.mock.mockito.MockitoTestExecutionListener, org.springframework.boot.test.mock.mockito.ResetMocksTestExecutionListener, org.springframework.test.context.web.ServletTestExecutionListener, org.springframework.test.context.support.DirtiesContextBeforeModesTestExecutionListener, org.springframework.test.context.support.DependencyInjectionTestExecutionListener, org.springframework.test.context.support.DirtiesContextTestExecutionListener, org.springframework.test.context.transaction.TransactionalTestExecutionListener, org.springframework.test.context.jdbc.SqlScriptsTestExecutionListener, org.springframework.test.context.event.EventPublishingTestExecutionListener]
2021-06-28 02:34:00.199  INFO 28284 --- [    Test worker] .b.t.c.SpringBootTestContextBootstrapper : Using TestExecutionListeners: [org.springframework.test.context.web.ServletTestExecutionListener@aedb6c1, org.springframework.test.context.support.DirtiesContextBeforeModesTestExecutionListener@15807273, org.springframework.boot.test.mock.mockito.MockitoTestExecutionListener@5e002038, org.springframework.boot.test.autoconfigure.SpringBootDependencyInjectionTestExecutionListener@5711eb30, org.springframework.test.context.support.DirtiesContextTestExecutionListener@30ad14ad, org.springframework.test.context.transaction.TransactionalTestExecutionListener@2628eb21, org.springframework.test.context.jdbc.SqlScriptsTestExecutionListener@79761e3c, org.springframework.security.test.context.support.WithSecurityContextTestExecutionListener@21662249, org.springframework.test.context.event.EventPublishingTestExecutionListener@793642b4, org.springframework.security.test.context.support.ReactorContextTestExecutionListener@18a6cf50, org.springframework.boot.test.autoconfigure.restdocs.RestDocsTestExecutionListener@5168b586, org.springframework.boot.test.autoconfigure.web.client.MockRestServiceServerResetTestExecutionListener@418ca188, org.springframework.boot.test.autoconfigure.web.servlet.MockMvcPrintOnlyOnFailureTestExecutionListener@ae478ef, org.springframework.boot.test.autoconfigure.web.servlet.WebDriverTestExecutionListener@2416faac, org.springframework.boot.test.autoconfigure.webservices.client.MockWebServiceServerTestExecutionListener@30c6af2d, org.springframework.boot.test.mock.mockito.ResetMocksTestExecutionListener@14e2d85c]
]]></system-out>
  <system-err><![CDATA[]]></system-err>
</testsuite>
