<?xml version="1.0" encoding="UTF-8"?>
<testsuite name="com.jojoldu.book.springboot.domain.posts.PostsRepositoryTest" tests="2" skipped="0" failures="0" errors="0" timestamp="2021-06-08T11:37:25" hostname="DESKTOP-I6PCH4J" time="0.323">
  <properties/>
  <testcase name="게시글저장_불러오기()" classname="com.jojoldu.book.springboot.domain.posts.PostsRepositoryTest" time="0.308"/>
  <testcase name="BaseTimeEntity_등록()" classname="com.jojoldu.book.springboot.domain.posts.PostsRepositoryTest" time="0.014"/>
  <system-out><![CDATA[20:37:19.844 [Test worker] DEBUG org.springframework.test.context.BootstrapUtils - Instantiating CacheAwareContextLoaderDelegate from class [org.springframework.test.context.cache.DefaultCacheAwareContextLoaderDelegate]
20:37:19.852 [Test worker] DEBUG org.springframework.test.context.BootstrapUtils - Instantiating BootstrapContext using constructor [public org.springframework.test.context.support.DefaultBootstrapContext(java.lang.Class,org.springframework.test.context.CacheAwareContextLoaderDelegate)]
20:37:19.892 [Test worker] DEBUG org.springframework.test.context.BootstrapUtils - Instantiating TestContextBootstrapper for test class [com.jojoldu.book.springboot.domain.posts.PostsRepositoryTest] from class [org.springframework.boot.test.context.SpringBootTestContextBootstrapper]
20:37:19.908 [Test worker] INFO org.springframework.boot.test.context.SpringBootTestContextBootstrapper - Neither @ContextConfiguration nor @ContextHierarchy found for test class [com.jojoldu.book.springboot.domain.posts.PostsRepositoryTest], using SpringBootContextLoader
20:37:19.908 [Test worker] DEBUG org.springframework.test.context.support.AbstractContextLoader - Did not detect default resource location for test class [com.jojoldu.book.springboot.domain.posts.PostsRepositoryTest]: class path resource [com/jojoldu/book/springboot/domain/posts/PostsRepositoryTest-context.xml] does not exist
20:37:19.908 [Test worker] DEBUG org.springframework.test.context.support.AbstractContextLoader - Did not detect default resource location for test class [com.jojoldu.book.springboot.domain.posts.PostsRepositoryTest]: class path resource [com/jojoldu/book/springboot/domain/posts/PostsRepositoryTestContext.groovy] does not exist
20:37:19.908 [Test worker] INFO org.springframework.test.context.support.AbstractContextLoader - Could not detect default resource locations for test class [com.jojoldu.book.springboot.domain.posts.PostsRepositoryTest]: no resource found for suffixes {-context.xml, Context.groovy}.
20:37:19.908 [Test worker] INFO org.springframework.test.context.support.AnnotationConfigContextLoaderUtils - Could not detect default configuration classes for test class [com.jojoldu.book.springboot.domain.posts.PostsRepositoryTest]: PostsRepositoryTest does not declare any static, non-private, non-final, nested classes annotated with @Configuration.
20:37:19.956 [Test worker] DEBUG org.springframework.test.context.support.ActiveProfilesUtils - Could not find an 'annotation declaring class' for annotation type [org.springframework.test.context.ActiveProfiles] and class [com.jojoldu.book.springboot.domain.posts.PostsRepositoryTest]
20:37:20.020 [Test worker] DEBUG org.springframework.context.annotation.ClassPathScanningCandidateComponentProvider - Identified candidate component class: file [C:\Users\jeanf\IdeaProjects\freelec-springboot2-wevservice\build\classes\java\main\com\jojoldu\book\springboot\Application.class]
20:37:20.028 [Test worker] INFO org.springframework.boot.test.context.SpringBootTestContextBootstrapper - Found @SpringBootConfiguration com.jojoldu.book.springboot.Application for test class com.jojoldu.book.springboot.domain.posts.PostsRepositoryTest
20:37:20.148 [Test worker] DEBUG org.springframework.boot.test.context.SpringBootTestContextBootstrapper - @TestExecutionListeners is not present for class [com.jojoldu.book.springboot.domain.posts.PostsRepositoryTest]: using defaults.
20:37:20.156 [Test worker] INFO org.springframework.boot.test.context.SpringBootTestContextBootstrapper - Loaded default TestExecutionListener class names from location [META-INF/spring.factories]: [org.springframework.security.test.context.support.WithSecurityContextTestExecutionListener, org.springframework.security.test.context.support.ReactorContextTestExecutionListener, org.springframework.boot.test.autoconfigure.restdocs.RestDocsTestExecutionListener, org.springframework.boot.test.autoconfigure.web.client.MockRestServiceServerResetTestExecutionListener, org.springframework.boot.test.autoconfigure.web.servlet.MockMvcPrintOnlyOnFailureTestExecutionListener, org.springframework.boot.test.autoconfigure.web.servlet.WebDriverTestExecutionListener, org.springframework.boot.test.autoconfigure.webservices.client.MockWebServiceServerTestExecutionListener, org.springframework.boot.test.mock.mockito.MockitoTestExecutionListener, org.springframework.boot.test.mock.mockito.ResetMocksTestExecutionListener, org.springframework.test.context.web.ServletTestExecutionListener, org.springframework.test.context.support.DirtiesContextBeforeModesTestExecutionListener, org.springframework.test.context.support.DependencyInjectionTestExecutionListener, org.springframework.test.context.support.DirtiesContextTestExecutionListener, org.springframework.test.context.transaction.TransactionalTestExecutionListener, org.springframework.test.context.jdbc.SqlScriptsTestExecutionListener, org.springframework.test.context.event.EventPublishingTestExecutionListener]
20:37:20.180 [Test worker] INFO org.springframework.boot.test.context.SpringBootTestContextBootstrapper - Using TestExecutionListeners: [org.springframework.test.context.web.ServletTestExecutionListener@10792a66, org.springframework.test.context.support.DirtiesContextBeforeModesTestExecutionListener@53a3cf4c, org.springframework.boot.test.mock.mockito.MockitoTestExecutionListener@40ad360d, org.springframework.boot.test.autoconfigure.SpringBootDependencyInjectionTestExecutionListener@19d926e8, org.springframework.test.context.support.DirtiesContextTestExecutionListener@40aa15af, org.springframework.test.context.transaction.TransactionalTestExecutionListener@dbe6b59, org.springframework.test.context.jdbc.SqlScriptsTestExecutionListener@248a39bd, org.springframework.security.test.context.support.WithSecurityContextTestExecutionListener@74b4a5a2, org.springframework.test.context.event.EventPublishingTestExecutionListener@64a3c1f6, org.springframework.security.test.context.support.ReactorContextTestExecutionListener@1a398a98, org.springframework.boot.test.autoconfigure.restdocs.RestDocsTestExecutionListener@6f8b1fb3, org.springframework.boot.test.autoconfigure.web.client.MockRestServiceServerResetTestExecutionListener@3ec32e55, org.springframework.boot.test.autoconfigure.web.servlet.MockMvcPrintOnlyOnFailureTestExecutionListener@4415f40a, org.springframework.boot.test.autoconfigure.web.servlet.WebDriverTestExecutionListener@12aedb5a, org.springframework.boot.test.autoconfigure.webservices.client.MockWebServiceServerTestExecutionListener@256f383b, org.springframework.boot.test.mock.mockito.ResetMocksTestExecutionListener@2f90b45]
20:37:20.188 [Test worker] DEBUG org.springframework.test.context.support.AbstractDirtiesContextTestExecutionListener - Before test class: context [DefaultTestContext@339c08ad testClass = PostsRepositoryTest, testInstance = [null], testMethod = [null], testException = [null], mergedContextConfiguration = [WebMergedContextConfiguration@73509862 testClass = PostsRepositoryTest, locations = '{}', classes = '{class com.jojoldu.book.springboot.Application}', contextInitializerClasses = '[]', activeProfiles = '{}', propertySourceLocations = '{}', propertySourceProperties = '{org.springframework.boot.test.context.SpringBootTestContextBootstrapper=true}', contextCustomizers = set[org.springframework.boot.test.autoconfigure.actuate.metrics.MetricsExportContextCustomizerFactory$DisableMetricExportContextCustomizer@581b4654, org.springframework.boot.test.autoconfigure.properties.PropertyMappingContextCustomizer@0, org.springframework.boot.test.autoconfigure.web.servlet.WebDriverContextCustomizerFactory$Customizer@1f8d8ca9, org.springframework.boot.test.context.filter.ExcludeFilterContextCustomizer@e086d42, org.springframework.boot.test.json.DuplicateJsonObjectContextCustomizerFactory$DuplicateJsonObjectContextCustomizer@54d8a132, org.springframework.boot.test.mock.mockito.MockitoContextCustomizer@0, org.springframework.boot.test.web.client.TestRestTemplateContextCustomizer@3c69b99c, org.springframework.boot.test.context.SpringBootTestArgs@1, org.springframework.boot.test.context.SpringBootTestWebEnvironment@4c184254], resourceBasePath = 'src/main/webapp', contextLoader = 'org.springframework.boot.test.context.SpringBootContextLoader', parent = [null]], attributes = map['org.springframework.test.context.web.ServletTestExecutionListener.activateListener' -> true]], class annotated with @DirtiesContext [false] with mode [null].
20:37:20.212 [Test worker] DEBUG org.springframework.test.context.support.TestPropertySourceUtils - Adding inlined properties to environment: {spring.jmx.enabled=false, org.springframework.boot.test.context.SpringBootTestContextBootstrapper=true}

  .   ____          _            __ _ _
 /\\ / ___'_ __ _ _(_)_ __  __ _ \ \ \ \
( ( )\___ | '_ | '_| | '_ \/ _` | \ \ \ \
 \\/  ___)| |_)| | | | | || (_| |  ) ) ) )
  '  |____| .__|_| |_|_| |_\__, | / / / /
 =========|_|==============|___/=/_/_/_/
 :: Spring Boot ::                (v2.4.1)

2021-06-08 20:37:20.476  INFO 5368 --- [    Test worker] c.j.b.s.d.posts.PostsRepositoryTest      : Starting PostsRepositoryTest using Java 11.0.10 on DESKTOP-I6PCH4J with PID 5368 (started by jeanf in C:\Users\jeanf\IdeaProjects\freelec-springboot2-wevservice)
2021-06-08 20:37:20.476  INFO 5368 --- [    Test worker] c.j.b.s.d.posts.PostsRepositoryTest      : No active profile set, falling back to default profiles: default
2021-06-08 20:37:21.318  INFO 5368 --- [    Test worker] .s.d.r.c.RepositoryConfigurationDelegate : Bootstrapping Spring Data JPA repositories in DEFAULT mode.
2021-06-08 20:37:21.388  INFO 5368 --- [    Test worker] .s.d.r.c.RepositoryConfigurationDelegate : Finished Spring Data repository scanning in 68 ms. Found 2 JPA repository interfaces.
2021-06-08 20:37:22.050  INFO 5368 --- [    Test worker] com.zaxxer.hikari.HikariDataSource       : HikariPool-1 - Starting...
2021-06-08 20:37:22.267  INFO 5368 --- [    Test worker] com.zaxxer.hikari.HikariDataSource       : HikariPool-1 - Start completed.
2021-06-08 20:37:22.339  INFO 5368 --- [    Test worker] o.hibernate.jpa.internal.util.LogHelper  : HHH000204: Processing PersistenceUnitInfo [name: default]
2021-06-08 20:37:22.411  INFO 5368 --- [    Test worker] org.hibernate.Version                    : HHH000412: Hibernate ORM core version 5.4.25.Final
2021-06-08 20:37:22.605  INFO 5368 --- [    Test worker] o.hibernate.annotations.common.Version   : HCANN000001: Hibernate Commons Annotations {5.1.2.Final}
2021-06-08 20:37:22.767  INFO 5368 --- [    Test worker] org.hibernate.dialect.Dialect            : HHH000400: Using dialect: org.hibernate.dialect.MySQL57Dialect
2021-06-08 20:37:23.483  INFO 5368 --- [    Test worker] o.h.e.t.j.p.i.JtaPlatformInitiator       : HHH000490: Using JtaPlatform implementation: [org.hibernate.engine.transaction.jta.platform.internal.NoJtaPlatform]
2021-06-08 20:37:23.493  INFO 5368 --- [    Test worker] j.LocalContainerEntityManagerFactoryBean : Initialized JPA EntityManagerFactory for persistence unit 'default'
2021-06-08 20:37:24.005  WARN 5368 --- [    Test worker] JpaBaseConfiguration$JpaWebConfiguration : spring.jpa.open-in-view is enabled by default. Therefore, database queries may be performed during view rendering. Explicitly configure spring.jpa.open-in-view to disable this warning
2021-06-08 20:37:24.549  INFO 5368 --- [    Test worker] o.s.s.web.DefaultSecurityFilterChain     : Will secure any request with [org.springframework.security.web.context.request.async.WebAsyncManagerIntegrationFilter@646e81cf, org.springframework.security.web.context.SecurityContextPersistenceFilter@61ad3056, org.springframework.security.web.header.HeaderWriterFilter@56cf5833, org.springframework.security.web.authentication.logout.LogoutFilter@267c5d2b, org.springframework.security.oauth2.client.web.OAuth2AuthorizationRequestRedirectFilter@353f8680, org.springframework.security.oauth2.client.web.OAuth2LoginAuthenticationFilter@6a274a65, org.springframework.security.web.authentication.ui.DefaultLoginPageGeneratingFilter@1148a9a, org.springframework.security.web.authentication.ui.DefaultLogoutPageGeneratingFilter@87464f8, org.springframework.security.web.savedrequest.RequestCacheAwareFilter@4a18d8b9, org.springframework.security.web.servletapi.SecurityContextHolderAwareRequestFilter@6328c58f, org.springframework.security.web.authentication.AnonymousAuthenticationFilter@1bedcd92, org.springframework.security.web.session.SessionManagementFilter@2037d405, org.springframework.security.web.access.ExceptionTranslationFilter@493897bd, org.springframework.security.web.access.intercept.FilterSecurityInterceptor@308e42b5]
2021-06-08 20:37:24.971  INFO 5368 --- [    Test worker] o.s.s.concurrent.ThreadPoolTaskExecutor  : Initializing ExecutorService 'applicationTaskExecutor'
2021-06-08 20:37:25.035  INFO 5368 --- [    Test worker] o.s.b.a.h2.H2ConsoleAutoConfiguration    : H2 console available at '/h2-console'. Database available at 'jdbc:h2:mem:testdb'
2021-06-08 20:37:25.099  INFO 5368 --- [    Test worker] o.s.b.a.w.s.WelcomePageHandlerMapping    : Adding welcome page template: index
2021-06-08 20:37:25.491  INFO 5368 --- [    Test worker] s.a.ScheduledAnnotationBeanPostProcessor : No TaskScheduler/ScheduledExecutorService bean found for scheduled processing
2021-06-08 20:37:25.507  INFO 5368 --- [    Test worker] c.j.b.s.d.posts.PostsRepositoryTest      : Started PostsRepositoryTest in 5.282 seconds (JVM running for 6.895)
>>>>>>> createDate=2021-06-08T20:37:25.835242, modifiedDate = 2021-06-08T20:37:25.835242
]]></system-out>
  <system-err><![CDATA[]]></system-err>
</testsuite>
