<?xml version="1.0" encoding="UTF-8"?>
<testsuite name="com.jojoldu.book.springboot.web.HelloControllerTest" tests="2" skipped="0" failures="0" errors="0" timestamp="2021-06-08T11:37:26" hostname="DESKTOP-I6PCH4J" time="0.157">
  <properties/>
  <testcase name="hello가_리턴된다()" classname="com.jojoldu.book.springboot.web.HelloControllerTest" time="0.074"/>
  <testcase name="helloDto가_리턴된다()" classname="com.jojoldu.book.springboot.web.HelloControllerTest" time="0.082"/>
  <system-out><![CDATA[2021-06-08 20:37:25.859  INFO 5368 --- [    Test worker] .b.t.a.w.s.WebMvcTestContextBootstrapper : Neither @ContextConfiguration nor @ContextHierarchy found for test class [com.jojoldu.book.springboot.web.HelloControllerTest], using SpringBootContextLoader
2021-06-08 20:37:25.859  INFO 5368 --- [    Test worker] o.s.t.c.support.AbstractContextLoader    : Could not detect default resource locations for test class [com.jojoldu.book.springboot.web.HelloControllerTest]: no resource found for suffixes {-context.xml, Context.groovy}.
2021-06-08 20:37:25.859  INFO 5368 --- [    Test worker] t.c.s.AnnotationConfigContextLoaderUtils : Could not detect default configuration classes for test class [com.jojoldu.book.springboot.web.HelloControllerTest]: HelloControllerTest does not declare any static, non-private, non-final, nested classes annotated with @Configuration.
2021-06-08 20:37:25.883  INFO 5368 --- [    Test worker] .b.t.c.SpringBootTestContextBootstrapper : Found @SpringBootConfiguration com.jojoldu.book.springboot.Application for test class com.jojoldu.book.springboot.web.HelloControllerTest
2021-06-08 20:37:25.883  INFO 5368 --- [    Test worker] .b.t.a.w.s.WebMvcTestContextBootstrapper : Loaded default TestExecutionListener class names from location [META-INF/spring.factories]: [org.springframework.security.test.context.support.WithSecurityContextTestExecutionListener, org.springframework.security.test.context.support.ReactorContextTestExecutionListener, org.springframework.boot.test.autoconfigure.restdocs.RestDocsTestExecutionListener, org.springframework.boot.test.autoconfigure.web.client.MockRestServiceServerResetTestExecutionListener, org.springframework.boot.test.autoconfigure.web.servlet.MockMvcPrintOnlyOnFailureTestExecutionListener, org.springframework.boot.test.autoconfigure.web.servlet.WebDriverTestExecutionListener, org.springframework.boot.test.autoconfigure.webservices.client.MockWebServiceServerTestExecutionListener, org.springframework.boot.test.mock.mockito.MockitoTestExecutionListener, org.springframework.boot.test.mock.mockito.ResetMocksTestExecutionListener, org.springframework.test.context.web.ServletTestExecutionListener, org.springframework.test.context.support.DirtiesContextBeforeModesTestExecutionListener, org.springframework.test.context.support.DependencyInjectionTestExecutionListener, org.springframework.test.context.support.DirtiesContextTestExecutionListener, org.springframework.test.context.transaction.TransactionalTestExecutionListener, org.springframework.test.context.jdbc.SqlScriptsTestExecutionListener, org.springframework.test.context.event.EventPublishingTestExecutionListener]
2021-06-08 20:37:25.883  INFO 5368 --- [    Test worker] .b.t.a.w.s.WebMvcTestContextBootstrapper : Using TestExecutionListeners: [org.springframework.test.context.web.ServletTestExecutionListener@7c762c6a, org.springframework.test.context.support.DirtiesContextBeforeModesTestExecutionListener@6e3c4940, org.springframework.boot.test.mock.mockito.MockitoTestExecutionListener@2f6ce7e, org.springframework.boot.test.autoconfigure.SpringBootDependencyInjectionTestExecutionListener@8355d91, org.springframework.test.context.support.DirtiesContextTestExecutionListener@45ed3581, org.springframework.test.context.transaction.TransactionalTestExecutionListener@49971235, org.springframework.test.context.jdbc.SqlScriptsTestExecutionListener@7d26b047, org.springframework.security.test.context.support.WithSecurityContextTestExecutionListener@5f5da3a7, org.springframework.test.context.event.EventPublishingTestExecutionListener@73b0d4f0, org.springframework.security.test.context.support.ReactorContextTestExecutionListener@2c77609, org.springframework.boot.test.autoconfigure.restdocs.RestDocsTestExecutionListener@4aab4a9e, org.springframework.boot.test.autoconfigure.web.client.MockRestServiceServerResetTestExecutionListener@785998f7, org.springframework.boot.test.autoconfigure.web.servlet.MockMvcPrintOnlyOnFailureTestExecutionListener@d3bc458, org.springframework.boot.test.autoconfigure.web.servlet.WebDriverTestExecutionListener@34f59cc8, org.springframework.boot.test.autoconfigure.webservices.client.MockWebServiceServerTestExecutionListener@241adf72, org.springframework.boot.test.mock.mockito.ResetMocksTestExecutionListener@10b06526]

  .   ____          _            __ _ _
 /\\ / ___'_ __ _ _(_)_ __  __ _ \ \ \ \
( ( )\___ | '_ | '_| | '_ \/ _` | \ \ \ \
 \\/  ___)| |_)| | | | | || (_| |  ) ) ) )
  '  |____| .__|_| |_|_| |_\__, | / / / /
 =========|_|==============|___/=/_/_/_/
 :: Spring Boot ::                (v2.4.1)

2021-06-08 20:37:25.907  INFO 5368 --- [    Test worker] c.j.b.s.web.HelloControllerTest          : Starting HelloControllerTest using Java 11.0.10 on DESKTOP-I6PCH4J with PID 5368 (started by jeanf in C:\Users\jeanf\IdeaProjects\freelec-springboot2-wevservice)
2021-06-08 20:37:25.907  INFO 5368 --- [    Test worker] c.j.b.s.web.HelloControllerTest          : No active profile set, falling back to default profiles: default
2021-06-08 20:37:26.249  INFO 5368 --- [    Test worker] o.s.s.concurrent.ThreadPoolTaskExecutor  : Initializing ExecutorService 'applicationTaskExecutor'
2021-06-08 20:37:26.273  INFO 5368 --- [    Test worker] o.s.b.a.w.s.WelcomePageHandlerMapping    : Adding welcome page template: index
2021-06-08 20:37:26.521  INFO 5368 --- [    Test worker] o.s.s.web.DefaultSecurityFilterChain     : Will secure any request with [org.springframework.security.web.context.request.async.WebAsyncManagerIntegrationFilter@2e1c0b62, org.springframework.security.web.context.SecurityContextPersistenceFilter@282114f3, org.springframework.security.web.header.HeaderWriterFilter@c268015, org.springframework.security.web.csrf.CsrfFilter@61aeb604, org.springframework.security.web.authentication.logout.LogoutFilter@597a216e, org.springframework.security.oauth2.client.web.OAuth2AuthorizationRequestRedirectFilter@62fa2399, org.springframework.security.oauth2.client.web.OAuth2AuthorizationRequestRedirectFilter@23caea4c, org.springframework.security.oauth2.client.web.OAuth2LoginAuthenticationFilter@2d4d0d8d, org.springframework.security.web.authentication.ui.DefaultLoginPageGeneratingFilter@429b5a35, org.springframework.security.web.authentication.ui.DefaultLogoutPageGeneratingFilter@398d08e1, org.springframework.security.web.savedrequest.RequestCacheAwareFilter@50296a6e, org.springframework.security.web.servletapi.SecurityContextHolderAwareRequestFilter@68377e56, org.springframework.security.web.authentication.AnonymousAuthenticationFilter@492b5f8e, org.springframework.security.oauth2.client.web.OAuth2AuthorizationCodeGrantFilter@2208ce52, org.springframework.security.web.session.SessionManagementFilter@31d405d7, org.springframework.security.web.access.ExceptionTranslationFilter@182c0b82, org.springframework.security.web.access.intercept.FilterSecurityInterceptor@19434be6]
2021-06-08 20:37:26.601  INFO 5368 --- [    Test worker] o.s.b.t.m.w.SpringBootMockServletContext : Initializing Spring TestDispatcherServlet ''
2021-06-08 20:37:26.601  INFO 5368 --- [    Test worker] o.s.t.web.servlet.TestDispatcherServlet  : Initializing Servlet ''
2021-06-08 20:37:26.601  INFO 5368 --- [    Test worker] o.s.t.web.servlet.TestDispatcherServlet  : Completed initialization in 0 ms
2021-06-08 20:37:26.617  INFO 5368 --- [    Test worker] c.j.b.s.web.HelloControllerTest          : Started HelloControllerTest in 0.727 seconds (JVM running for 8.003)
]]></system-out>
  <system-err><![CDATA[]]></system-err>
</testsuite>
