<?xml version="1.0" encoding="UTF-8"?>
<testsuite name="com.jojoldu.book.springboot.domain.posts.PostsRepositoryTest" tests="2" skipped="0" failures="0" errors="0" timestamp="2021-06-27T17:33:59" hostname="DESKTOP-3EI5VEG" time="0.105">
  <properties/>
  <testcase name="게시글저장_불러오기()" classname="com.jojoldu.book.springboot.domain.posts.PostsRepositoryTest" time="0.095"/>
  <testcase name="BaseTimeEntity_등록()" classname="com.jojoldu.book.springboot.domain.posts.PostsRepositoryTest" time="0.009"/>
  <system-out><![CDATA[2021-06-28 02:33:58.336  INFO 28284 --- [    Test worker] .b.t.c.SpringBootTestContextBootstrapper : Neither @ContextConfiguration nor @ContextHierarchy found for test class [com.jojoldu.book.springboot.domain.posts.PostsRepositoryTest], using SpringBootContextLoader
2021-06-28 02:33:58.337  INFO 28284 --- [    Test worker] o.s.t.c.support.AbstractContextLoader    : Could not detect default resource locations for test class [com.jojoldu.book.springboot.domain.posts.PostsRepositoryTest]: no resource found for suffixes {-context.xml, Context.groovy}.
2021-06-28 02:33:58.337  INFO 28284 --- [    Test worker] t.c.s.AnnotationConfigContextLoaderUtils : Could not detect default configuration classes for test class [com.jojoldu.book.springboot.domain.posts.PostsRepositoryTest]: PostsRepositoryTest does not declare any static, non-private, non-final, nested classes annotated with @Configuration.
2021-06-28 02:33:58.342  INFO 28284 --- [    Test worker] .b.t.c.SpringBootTestContextBootstrapper : Found @SpringBootConfiguration com.jojoldu.book.springboot.Application for test class com.jojoldu.book.springboot.domain.posts.PostsRepositoryTest
2021-06-28 02:33:58.345  INFO 28284 --- [    Test worker] .b.t.c.SpringBootTestContextBootstrapper : Loaded default TestExecutionListener class names from location [META-INF/spring.factories]: [org.springframework.security.test.context.support.WithSecurityContextTestExecutionListener, org.springframework.security.test.context.support.ReactorContextTestExecutionListener, org.springframework.boot.test.autoconfigure.restdocs.RestDocsTestExecutionListener, org.springframework.boot.test.autoconfigure.web.client.MockRestServiceServerResetTestExecutionListener, org.springframework.boot.test.autoconfigure.web.servlet.MockMvcPrintOnlyOnFailureTestExecutionListener, org.springframework.boot.test.autoconfigure.web.servlet.WebDriverTestExecutionListener, org.springframework.boot.test.autoconfigure.webservices.client.MockWebServiceServerTestExecutionListener, org.springframework.boot.test.mock.mockito.MockitoTestExecutionListener, org.springframework.boot.test.mock.mockito.ResetMocksTestExecutionListener, org.springframework.test.context.web.ServletTestExecutionListener, org.springframework.test.context.support.DirtiesContextBeforeModesTestExecutionListener, org.springframework.test.context.support.DependencyInjectionTestExecutionListener, org.springframework.test.context.support.DirtiesContextTestExecutionListener, org.springframework.test.context.transaction.TransactionalTestExecutionListener, org.springframework.test.context.jdbc.SqlScriptsTestExecutionListener, org.springframework.test.context.event.EventPublishingTestExecutionListener]
2021-06-28 02:33:58.347  INFO 28284 --- [    Test worker] .b.t.c.SpringBootTestContextBootstrapper : Using TestExecutionListeners: [org.springframework.test.context.web.ServletTestExecutionListener@1b8f2b47, org.springframework.test.context.support.DirtiesContextBeforeModesTestExecutionListener@19ed5c7c, org.springframework.boot.test.mock.mockito.MockitoTestExecutionListener@66bc64a3, org.springframework.boot.test.autoconfigure.SpringBootDependencyInjectionTestExecutionListener@4bded732, org.springframework.test.context.support.DirtiesContextTestExecutionListener@29e9081d, org.springframework.test.context.transaction.TransactionalTestExecutionListener@5a94bfe0, org.springframework.test.context.jdbc.SqlScriptsTestExecutionListener@5f08516d, org.springframework.security.test.context.support.WithSecurityContextTestExecutionListener@62527af9, org.springframework.test.context.event.EventPublishingTestExecutionListener@39a3f4e, org.springframework.security.test.context.support.ReactorContextTestExecutionListener@7c0eeb62, org.springframework.boot.test.autoconfigure.restdocs.RestDocsTestExecutionListener@61904eb7, org.springframework.boot.test.autoconfigure.web.client.MockRestServiceServerResetTestExecutionListener@10e465ce, org.springframework.boot.test.autoconfigure.web.servlet.MockMvcPrintOnlyOnFailureTestExecutionListener@425648d3, org.springframework.boot.test.autoconfigure.web.servlet.WebDriverTestExecutionListener@4988fe00, org.springframework.boot.test.autoconfigure.webservices.client.MockWebServiceServerTestExecutionListener@2a0ee470, org.springframework.boot.test.mock.mockito.ResetMocksTestExecutionListener@19f73eea]

  .   ____          _            __ _ _
 /\\ / ___'_ __ _ _(_)_ __  __ _ \ \ \ \
( ( )\___ | '_ | '_| | '_ \/ _` | \ \ \ \
 \\/  ___)| |_)| | | | | || (_| |  ) ) ) )
  '  |____| .__|_| |_|_| |_\__, | / / / /
 =========|_|==============|___/=/_/_/_/
 :: Spring Boot ::                (v2.4.1)

2021-06-28 02:33:58.370  INFO 28284 --- [    Test worker] c.j.b.s.d.posts.PostsRepositoryTest      : Starting PostsRepositoryTest using Java 1.8.0_292 on DESKTOP-3EI5VEG with PID 28284 (started by jeanf in D:\freelec-springboot2-wevservice)
2021-06-28 02:33:58.372  INFO 28284 --- [    Test worker] c.j.b.s.d.posts.PostsRepositoryTest      : No active profile set, falling back to default profiles: default
2021-06-28 02:33:58.528  INFO 28284 --- [    Test worker] .s.d.r.c.RepositoryConfigurationDelegate : Bootstrapping Spring Data JPA repositories in DEFAULT mode.
2021-06-28 02:33:58.541  INFO 28284 --- [    Test worker] .s.d.r.c.RepositoryConfigurationDelegate : Finished Spring Data repository scanning in 13 ms. Found 2 JPA repository interfaces.
2021-06-28 02:33:58.659  INFO 28284 --- [    Test worker] com.zaxxer.hikari.HikariDataSource       : HikariPool-2 - Starting...
2021-06-28 02:33:58.660  INFO 28284 --- [    Test worker] com.zaxxer.hikari.HikariDataSource       : HikariPool-2 - Start completed.
2021-06-28 02:33:58.671  INFO 28284 --- [    Test worker] o.hibernate.jpa.internal.util.LogHelper  : HHH000204: Processing PersistenceUnitInfo [name: default]
2021-06-28 02:33:58.675  INFO 28284 --- [    Test worker] org.hibernate.dialect.Dialect            : HHH000400: Using dialect: org.hibernate.dialect.MySQL57Dialect
2021-06-28 02:33:58.711  INFO 28284 --- [    Test worker] o.h.e.t.j.p.i.JtaPlatformInitiator       : HHH000490: Using JtaPlatform implementation: [org.hibernate.engine.transaction.jta.platform.internal.NoJtaPlatform]
2021-06-28 02:33:58.711  INFO 28284 --- [    Test worker] j.LocalContainerEntityManagerFactoryBean : Initialized JPA EntityManagerFactory for persistence unit 'default'
2021-06-28 02:33:58.817  WARN 28284 --- [    Test worker] JpaBaseConfiguration$JpaWebConfiguration : spring.jpa.open-in-view is enabled by default. Therefore, database queries may be performed during view rendering. Explicitly configure spring.jpa.open-in-view to disable this warning
2021-06-28 02:33:58.951  INFO 28284 --- [    Test worker] o.s.s.web.DefaultSecurityFilterChain     : Will secure any request with [org.springframework.security.web.context.request.async.WebAsyncManagerIntegrationFilter@3f2e9c32, org.springframework.security.web.context.SecurityContextPersistenceFilter@7707250a, org.springframework.security.web.header.HeaderWriterFilter@1526be1, org.springframework.security.web.authentication.logout.LogoutFilter@754873b8, org.springframework.security.oauth2.client.web.OAuth2AuthorizationRequestRedirectFilter@5d03bf0, org.springframework.security.oauth2.client.web.OAuth2LoginAuthenticationFilter@4dfcc578, org.springframework.security.web.authentication.ui.DefaultLoginPageGeneratingFilter@202b421, org.springframework.security.web.authentication.ui.DefaultLogoutPageGeneratingFilter@50e36ffb, org.springframework.security.web.savedrequest.RequestCacheAwareFilter@2223762c, org.springframework.security.web.servletapi.SecurityContextHolderAwareRequestFilter@303c1cea, org.springframework.security.web.authentication.AnonymousAuthenticationFilter@54e8c1ac, org.springframework.security.web.session.SessionManagementFilter@681b52ee, org.springframework.security.web.access.ExceptionTranslationFilter@46926c7a, org.springframework.security.web.access.intercept.FilterSecurityInterceptor@471506fa]
2021-06-28 02:33:59.079  INFO 28284 --- [    Test worker] o.s.s.concurrent.ThreadPoolTaskExecutor  : Initializing ExecutorService 'applicationTaskExecutor'
2021-06-28 02:33:59.091  INFO 28284 --- [    Test worker] o.s.b.a.h2.H2ConsoleAutoConfiguration    : H2 console available at '/h2-console'. Database available at 'jdbc:h2:mem:testdb'
2021-06-28 02:33:59.114  INFO 28284 --- [    Test worker] o.s.b.a.w.s.WelcomePageHandlerMapping    : Adding welcome page template: index
2021-06-28 02:33:59.322  INFO 28284 --- [    Test worker] s.a.ScheduledAnnotationBeanPostProcessor : No TaskScheduler/ScheduledExecutorService bean found for scheduled processing
2021-06-28 02:33:59.323  INFO 28284 --- [    Test worker] c.j.b.s.d.posts.PostsRepositoryTest      : Started PostsRepositoryTest in 0.968 seconds (JVM running for 7.803)
>>>>>>> createDate=2021-06-28T02:33:59.428, modifiedDate = 2021-06-28T02:33:59.428
]]></system-out>
  <system-err><![CDATA[]]></system-err>
</testsuite>
