<?xml version="1.0" encoding="UTF-8"?>
<testsuite name="com.jojoldu.book.springboot.web.HelloControllerTest" tests="2" skipped="0" failures="0" errors="0" timestamp="2021-06-27T17:34:00" hostname="DESKTOP-3EI5VEG" time="0.098">
  <properties/>
  <testcase name="hello가_리턴된다()" classname="com.jojoldu.book.springboot.web.HelloControllerTest" time="0.032"/>
  <testcase name="helloDto가_리턴된다()" classname="com.jojoldu.book.springboot.web.HelloControllerTest" time="0.066"/>
  <system-out><![CDATA[2021-06-28 02:33:59.443  INFO 28284 --- [    Test worker] .b.t.a.w.s.WebMvcTestContextBootstrapper : Neither @ContextConfiguration nor @ContextHierarchy found for test class [com.jojoldu.book.springboot.web.HelloControllerTest], using SpringBootContextLoader
2021-06-28 02:33:59.443  INFO 28284 --- [    Test worker] o.s.t.c.support.AbstractContextLoader    : Could not detect default resource locations for test class [com.jojoldu.book.springboot.web.HelloControllerTest]: no resource found for suffixes {-context.xml, Context.groovy}.
2021-06-28 02:33:59.444  INFO 28284 --- [    Test worker] t.c.s.AnnotationConfigContextLoaderUtils : Could not detect default configuration classes for test class [com.jojoldu.book.springboot.web.HelloControllerTest]: HelloControllerTest does not declare any static, non-private, non-final, nested classes annotated with @Configuration.
2021-06-28 02:33:59.457  INFO 28284 --- [    Test worker] .b.t.c.SpringBootTestContextBootstrapper : Found @SpringBootConfiguration com.jojoldu.book.springboot.Application for test class com.jojoldu.book.springboot.web.HelloControllerTest
2021-06-28 02:33:59.458  INFO 28284 --- [    Test worker] .b.t.a.w.s.WebMvcTestContextBootstrapper : Loaded default TestExecutionListener class names from location [META-INF/spring.factories]: [org.springframework.security.test.context.support.WithSecurityContextTestExecutionListener, org.springframework.security.test.context.support.ReactorContextTestExecutionListener, org.springframework.boot.test.autoconfigure.restdocs.RestDocsTestExecutionListener, org.springframework.boot.test.autoconfigure.web.client.MockRestServiceServerResetTestExecutionListener, org.springframework.boot.test.autoconfigure.web.servlet.MockMvcPrintOnlyOnFailureTestExecutionListener, org.springframework.boot.test.autoconfigure.web.servlet.WebDriverTestExecutionListener, org.springframework.boot.test.autoconfigure.webservices.client.MockWebServiceServerTestExecutionListener, org.springframework.boot.test.mock.mockito.MockitoTestExecutionListener, org.springframework.boot.test.mock.mockito.ResetMocksTestExecutionListener, org.springframework.test.context.web.ServletTestExecutionListener, org.springframework.test.context.support.DirtiesContextBeforeModesTestExecutionListener, org.springframework.test.context.support.DependencyInjectionTestExecutionListener, org.springframework.test.context.support.DirtiesContextTestExecutionListener, org.springframework.test.context.transaction.TransactionalTestExecutionListener, org.springframework.test.context.jdbc.SqlScriptsTestExecutionListener, org.springframework.test.context.event.EventPublishingTestExecutionListener]
2021-06-28 02:33:59.459  INFO 28284 --- [    Test worker] .b.t.a.w.s.WebMvcTestContextBootstrapper : Using TestExecutionListeners: [org.springframework.test.context.web.ServletTestExecutionListener@68e6d85f, org.springframework.test.context.support.DirtiesContextBeforeModesTestExecutionListener@635a3618, org.springframework.boot.test.mock.mockito.MockitoTestExecutionListener@6346bb41, org.springframework.boot.test.autoconfigure.SpringBootDependencyInjectionTestExecutionListener@1e1cd085, org.springframework.test.context.support.DirtiesContextTestExecutionListener@4066c739, org.springframework.test.context.transaction.TransactionalTestExecutionListener@723ec3db, org.springframework.test.context.jdbc.SqlScriptsTestExecutionListener@2474e26e, org.springframework.security.test.context.support.WithSecurityContextTestExecutionListener@5c94969d, org.springframework.test.context.event.EventPublishingTestExecutionListener@2a3ddd39, org.springframework.security.test.context.support.ReactorContextTestExecutionListener@2e99e3be, org.springframework.boot.test.autoconfigure.restdocs.RestDocsTestExecutionListener@2dfd0391, org.springframework.boot.test.autoconfigure.web.client.MockRestServiceServerResetTestExecutionListener@55a548cd, org.springframework.boot.test.autoconfigure.web.servlet.MockMvcPrintOnlyOnFailureTestExecutionListener@11b59355, org.springframework.boot.test.autoconfigure.web.servlet.WebDriverTestExecutionListener@705006ce, org.springframework.boot.test.autoconfigure.webservices.client.MockWebServiceServerTestExecutionListener@35f462de, org.springframework.boot.test.mock.mockito.ResetMocksTestExecutionListener@4ae8a78d]

  .   ____          _            __ _ _
 /\\ / ___'_ __ _ _(_)_ __  __ _ \ \ \ \
( ( )\___ | '_ | '_| | '_ \/ _` | \ \ \ \
 \\/  ___)| |_)| | | | | || (_| |  ) ) ) )
  '  |____| .__|_| |_|_| |_\__, | / / / /
 =========|_|==============|___/=/_/_/_/
 :: Spring Boot ::                (v2.4.1)

2021-06-28 02:33:59.484  INFO 28284 --- [    Test worker] c.j.b.s.web.HelloControllerTest          : Starting HelloControllerTest using Java 1.8.0_292 on DESKTOP-3EI5VEG with PID 28284 (started by jeanf in D:\freelec-springboot2-wevservice)
2021-06-28 02:33:59.484  INFO 28284 --- [    Test worker] c.j.b.s.web.HelloControllerTest          : No active profile set, falling back to default profiles: default
2021-06-28 02:33:59.710  INFO 28284 --- [    Test worker] o.s.s.concurrent.ThreadPoolTaskExecutor  : Initializing ExecutorService 'applicationTaskExecutor'
2021-06-28 02:33:59.730  INFO 28284 --- [    Test worker] o.s.b.a.w.s.WelcomePageHandlerMapping    : Adding welcome page template: index
2021-06-28 02:33:59.942  INFO 28284 --- [    Test worker] o.s.s.web.DefaultSecurityFilterChain     : Will secure any request with [org.springframework.security.web.context.request.async.WebAsyncManagerIntegrationFilter@3b22deab, org.springframework.security.web.context.SecurityContextPersistenceFilter@10feb94c, org.springframework.security.web.header.HeaderWriterFilter@70a8ab62, org.springframework.security.web.csrf.CsrfFilter@7c879eb4, org.springframework.security.web.authentication.logout.LogoutFilter@68531c41, org.springframework.security.oauth2.client.web.OAuth2AuthorizationRequestRedirectFilter@3596c5ed, org.springframework.security.oauth2.client.web.OAuth2AuthorizationRequestRedirectFilter@150db7f4, org.springframework.security.oauth2.client.web.OAuth2LoginAuthenticationFilter@3e5d710b, org.springframework.security.web.authentication.ui.DefaultLoginPageGeneratingFilter@49e9290, org.springframework.security.web.authentication.ui.DefaultLogoutPageGeneratingFilter@5c08c034, org.springframework.security.web.savedrequest.RequestCacheAwareFilter@5f767ae9, org.springframework.security.web.servletapi.SecurityContextHolderAwareRequestFilter@6a3029de, org.springframework.security.web.authentication.AnonymousAuthenticationFilter@6933d179, org.springframework.security.oauth2.client.web.OAuth2AuthorizationCodeGrantFilter@772844c8, org.springframework.security.web.session.SessionManagementFilter@301af9fd, org.springframework.security.web.access.ExceptionTranslationFilter@5c7276ac, org.springframework.security.web.access.intercept.FilterSecurityInterceptor@752bda1e]
2021-06-28 02:33:59.992  INFO 28284 --- [    Test worker] o.s.b.t.m.w.SpringBootMockServletContext : Initializing Spring TestDispatcherServlet ''
2021-06-28 02:33:59.992  INFO 28284 --- [    Test worker] o.s.t.web.servlet.TestDispatcherServlet  : Initializing Servlet ''
2021-06-28 02:33:59.992  INFO 28284 --- [    Test worker] o.s.t.web.servlet.TestDispatcherServlet  : Completed initialization in 0 ms
2021-06-28 02:34:00.007  INFO 28284 --- [    Test worker] c.j.b.s.web.HelloControllerTest          : Started HelloControllerTest in 0.544 seconds (JVM running for 8.487)
]]></system-out>
  <system-err><![CDATA[]]></system-err>
</testsuite>
